{"level":"error","message":"Error starting gRPC server: Name resolution failed for target dns:undefined:3003","stack":"Error: Name resolution failed for target dns:undefined:3003\n    at Object.onError (C:\\MERN-Microservice-Retro-Routes\\Retro-Routes-Payment-Service\\node_modules\\@grpc\\grpc-js\\src\\server.ts:803:18)\n    at C:\\MERN-Microservice-Retro-Routes\\Retro-Routes-Payment-Service\\node_modules\\@grpc\\grpc-js\\src\\resolver-dns.ts:240:25","timestamp":"2025-07-16T09:37:43.070Z"}
{"level":"error","message":"Error starting gRPC server: Name resolution failed for target dns:undefined:3003","stack":"Error: Name resolution failed for target dns:undefined:3003\n    at Object.onError (C:\\MERN-Microservice-Retro-Routes\\Retro-Routes-Payment-Service\\node_modules\\@grpc\\grpc-js\\src\\server.ts:803:18)\n    at C:\\MERN-Microservice-Retro-Routes\\Retro-Routes-Payment-Service\\node_modules\\@grpc\\grpc-js\\src\\resolver-dns.ts:240:25","timestamp":"2025-07-16T09:38:34.874Z"}
{"level":"error","message":"Error starting gRPC server: Name resolution failed for target dns:undefined:5003","stack":"Error: Name resolution failed for target dns:undefined:5003\n    at Object.onError (C:\\MERN-Microservice-Retro-Routes\\Retro-Routes-Payment-Service\\node_modules\\@grpc\\grpc-js\\src\\server.ts:803:18)\n    at C:\\MERN-Microservice-Retro-Routes\\Retro-Routes-Payment-Service\\node_modules\\@grpc\\grpc-js\\src\\resolver-dns.ts:240:25","timestamp":"2025-07-16T09:39:33.548Z"}
{"level":"error","message":"Error starting gRPC server: Name resolution failed for target dns::5003","stack":"Error: Name resolution failed for target dns::5003\n    at Object.onError (C:\\MERN-Microservice-Retro-Routes\\Retro-Routes-Payment-Service\\node_modules\\@grpc\\grpc-js\\src\\server.ts:803:18)\n    at C:\\MERN-Microservice-Retro-Routes\\Retro-Routes-Payment-Service\\node_modules\\@grpc\\grpc-js\\src\\resolver-dns.ts:213:27\n    at processTicksAndRejections (node:internal/process/task_queues:95:5)","timestamp":"2025-07-16T09:41:29.321Z"}
{"level":"info","message":"gRPC payment server started on port 5003","timestamp":"2025-07-16T09:42:19.562Z"}
{"level":"error","message":"Invalid database name: 'Retro-Routes/payment'","timestamp":"2025-07-16T10:16:58.966Z"}
{"level":"info","message":"gRPC payment server started on port 5003","timestamp":"2025-07-16T10:19:00.384Z"}
{"level":"info","message":"gRPC payment server started on port 5003","timestamp":"2025-07-16T10:21:17.074Z"}
{"level":"error","message":"Invalid database name: 'Retro-Routes/payment'","timestamp":"2025-07-16T10:22:31.934Z"}
{"level":"info","message":"gRPC payment server started on port 5003","timestamp":"2025-07-16T10:24:31.111Z"}
{"level":"info","message":"gRPC payment server started on port 5003","timestamp":"2025-07-16T10:25:14.724Z"}
{"level":"info","message":"gRPC payment server started on port 5003","timestamp":"2025-07-16T10:26:53.898Z"}
{"level":"info","message":"gRPC payment server started on port 5003","timestamp":"2025-07-16T10:55:27.288Z"}
{"level":"info","message":"gRPC payment server started on port 5003","timestamp":"2025-07-16T11:05:52.488Z"}
{"level":"info","message":"gRPC payment server started on port 5003","timestamp":"2025-07-16T11:06:20.756Z"}
{"level":"info","message":"gRPC payment server started on port 5003","timestamp":"2025-07-16T11:06:50.417Z"}
{"level":"info","message":"gRPC payment server started on port 5003","timestamp":"2025-07-16T11:27:21.332Z"}
{"level":"info","message":"gRPC payment server started on port 5003","timestamp":"2025-07-16T11:41:18.639Z"}
{"level":"info","message":"gRPC payment server started on port 5003","timestamp":"2025-07-16T11:42:19.799Z"}
{"level":"info","message":"gRPC payment server started on port 5003","timestamp":"2025-07-16T11:47:07.252Z"}
{"level":"info","message":"gRPC payment server started on port 5003","timestamp":"2025-07-16T11:54:15.252Z"}
{"level":"info","message":"gRPC payment server started on port 5003","timestamp":"2025-07-16T11:56:04.648Z"}
{"level":"info","message":"gRPC payment server started on port 5003","timestamp":"2025-07-16T12:26:54.087Z"}
{"level":"info","message":"gRPC payment server started on port 5003","timestamp":"2025-07-16T12:28:11.162Z"}
{"level":"info","message":"gRPC payment server started on port 5003","timestamp":"2025-07-16T12:28:23.468Z"}
{"level":"info","message":"gRPC payment server started on port 5003","timestamp":"2025-07-16T12:29:22.638Z"}
{"level":"info","message":"gRPC payment server started on port 5003","timestamp":"2025-07-16T13:31:16.704Z"}
{"level":"info","message":"gRPC payment server started on port 5003","timestamp":"2025-07-16T13:32:05.443Z"}
{"level":"info","message":"gRPC payment server started on port 5003","timestamp":"2025-07-16T13:32:29.166Z"}
{"level":"info","message":"gRPC payment server started on port 5003","timestamp":"2025-07-16T13:32:54.235Z"}
{"level":"info","message":"gRPC payment server started on port 5003","timestamp":"2025-07-16T13:34:43.638Z"}
{"level":"info","message":"gRPC payment server started on port 5003","timestamp":"2025-07-16T13:35:13.729Z"}
{"level":"info","message":"gRPC payment server started on port 5003","timestamp":"2025-07-16T13:37:03.788Z"}
{"level":"info","message":"gRPC payment server started on port 5003","timestamp":"2025-07-16T13:37:14.472Z"}
{"level":"info","message":"gRPC payment server started on port 5003","timestamp":"2025-07-16T13:37:26.654Z"}
{"level":"info","message":"gRPC payment server started on port 5003","timestamp":"2025-07-16T13:38:01.943Z"}
{"level":"info","message":"gRPC payment server started on port 5003","timestamp":"2025-07-16T13:38:31.264Z"}
{"level":"info","message":"gRPC payment server started on port 5003","timestamp":"2025-07-16T13:38:46.495Z"}
{"level":"info","message":"gRPC payment server started on port 5003","timestamp":"2025-07-16T13:39:20.112Z"}
{"level":"info","message":"gRPC payment server started on port 5003","timestamp":"2025-07-16T13:40:18.749Z"}
{"level":"info","message":"gRPC payment server started on port 5003","timestamp":"2025-07-16T13:45:50.534Z"}
{"level":"info","message":"gRPC payment server started on port 5003","timestamp":"2025-07-16T13:46:20.519Z"}
{"level":"info","message":"gRPC payment server started on port 5003","timestamp":"2025-07-16T13:48:20.047Z"}
{"level":"info","message":"gRPC payment server started on port 5003","timestamp":"2025-07-16T13:52:03.581Z"}
{"level":"info","message":"gRPC payment server started on port 5003","timestamp":"2025-07-16T14:09:51.209Z"}
{"level":"error","message":"Amount mismatch with booking price","timestamp":"2025-07-16T14:11:57.330Z"}
{"level":"info","message":"gRPC payment server started on port 5003","timestamp":"2025-07-16T14:17:11.783Z"}
{"level":"info","message":"gRPC payment server started on port 5003","timestamp":"2025-07-16T14:17:52.183Z"}
{"level":"info","message":"gRPC payment server started on port 5003","timestamp":"2025-07-16T14:18:25.462Z"}
{"level":"info","message":"gRPC payment server started on port 5003","timestamp":"2025-07-16T14:33:31.598Z"}
{"level":"info","message":"gRPC payment server started on port 5003","timestamp":"2025-07-16T14:35:20.968Z"}
{"level":"info","message":"gRPC payment server started on port 5003","timestamp":"2025-07-16T14:36:05.841Z"}
{"level":"info","message":"gRPC payment server started on port 5003","timestamp":"2025-07-16T14:39:49.735Z"}
{"level":"info","message":"gRPC payment server started on port 5003","timestamp":"2025-07-16T14:42:00.674Z"}
{"level":"error","message":"Amount mismatch with booking price","timestamp":"2025-07-16T14:42:50.624Z"}
{"level":"error","message":"Channel closed","timestamp":"2025-07-16T14:44:05.290Z"}
{"level":"info","message":"gRPC payment server started on port 5003","timestamp":"2025-07-16T14:44:30.559Z"}
{"level":"error","message":"Amount mismatch with booking price","timestamp":"2025-07-16T14:44:40.672Z"}
{"level":"info","message":"gRPC payment server started on port 5003","timestamp":"2025-07-16T14:45:16.166Z"}
{"level":"info","message":"gRPC payment server started on port 5003","timestamp":"2025-07-16T14:46:40.789Z"}
{"level":"info","message":"gRPC payment server started on port 5003","timestamp":"2025-07-16T14:48:11.386Z"}
{"level":"error","message":"Amount mismatch with booking price","timestamp":"2025-07-16T14:48:26.033Z"}
{"level":"info","message":"gRPC payment server started on port 5003","timestamp":"2025-07-16T15:00:56.137Z"}
{"level":"info","message":"gRPC payment server started on port 5003","timestamp":"2025-07-16T15:01:10.028Z"}
{"level":"info","message":"gRPC payment server started on port 5003","timestamp":"2025-07-16T15:10:21.703Z"}
{"level":"info","message":"gRPC payment server started on port 5003","timestamp":"2025-07-16T15:13:34.550Z"}
{"level":"info","message":"gRPC payment server started on port 5003","timestamp":"2025-07-16T15:16:01.914Z"}
{"level":"info","message":"gRPC payment server started on port 5003","timestamp":"2025-07-16T15:29:40.223Z"}
{"level":"info","message":"gRPC payment server started on port 5003","timestamp":"2025-07-16T15:29:57.766Z"}
{"level":"info","message":"gRPC payment server started on port 5003","timestamp":"2025-07-16T15:30:17.073Z"}
{"level":"info","message":"gRPC payment server started on port 5003","timestamp":"2025-07-16T15:31:24.875Z"}
{"level":"info","message":"gRPC payment server started on port 5003","timestamp":"2025-07-16T17:10:37.842Z"}
{"level":"info","message":"gRPC payment server started on port 5003","timestamp":"2025-07-16T17:50:39.016Z"}
{"level":"info","message":"gRPC payment server started on port 5003","timestamp":"2025-07-16T17:55:51.282Z"}
{"level":"info","message":"gRPC payment server started on port 5003","timestamp":"2025-07-16T17:57:15.349Z"}
{"level":"info","message":"gRPC payment server started on port 5003","timestamp":"2025-07-16T17:57:54.913Z"}
{"level":"info","message":"gRPC payment server started on port 5003","timestamp":"2025-07-16T18:33:02.118Z"}
{"level":"info","message":"gRPC payment server started on port 5003","timestamp":"2025-07-16T18:52:36.684Z"}
{"level":"info","message":"gRPC payment server started on port 5003","timestamp":"2025-07-16T18:58:20.654Z"}
{"level":"info","message":"gRPC payment server started on port 5003","timestamp":"2025-07-16T19:02:20.032Z"}
{"level":"info","message":"gRPC payment server started on port 5003","timestamp":"2025-07-16T19:08:30.929Z"}
{"level":"info","message":"gRPC payment server started on port 5003","timestamp":"2025-07-16T19:09:39.557Z"}
{"level":"info","message":"gRPC payment server started on port 5003","timestamp":"2025-07-16T19:09:51.645Z"}
{"level":"info","message":"gRPC payment server started on port 5003","timestamp":"2025-07-16T19:11:32.585Z"}
{"level":"error","message":"Payment already in progress","timestamp":"2025-07-16T19:11:40.600Z"}
{"level":"info","message":"gRPC payment server started on port 5003","timestamp":"2025-07-16T19:13:18.414Z"}
{"level":"info","message":"gRPC payment server started on port 5003","timestamp":"2025-07-16T19:13:27.078Z"}
{"level":"info","message":"gRPC payment server started on port 5003","timestamp":"2025-07-16T19:17:46.858Z"}
{"level":"error","message":"Payment already in progress","timestamp":"2025-07-16T19:18:14.688Z"}
{"level":"error","message":"Payment already in progress","timestamp":"2025-07-16T19:25:18.705Z"}
{"level":"info","message":"gRPC payment server started on port 5003","timestamp":"2025-07-16T19:26:34.259Z"}
{"level":"error","message":"Payment already in progress","timestamp":"2025-07-16T19:26:39.561Z"}
{"level":"info","message":"gRPC payment server started on port 5003","timestamp":"2025-07-16T19:32:28.851Z"}
{"level":"info","message":"gRPC payment server started on port 5003","timestamp":"2025-07-16T19:34:21.170Z"}
{"level":"info","message":"gRPC payment server started on port 5003","timestamp":"2025-07-16T19:34:45.032Z"}
{"level":"info","message":"gRPC payment server started on port 5003","timestamp":"2025-07-16T19:35:35.780Z"}
{"level":"info","message":"gRPC payment server started on port 5003","timestamp":"2025-07-16T19:36:04.850Z"}
{"level":"info","message":"gRPC payment server started on port 5003","timestamp":"2025-07-16T19:36:23.304Z"}
{"level":"info","message":"gRPC payment server started on port 5003","timestamp":"2025-07-16T19:39:01.470Z"}
{"level":"info","message":"gRPC payment server started on port 5003","timestamp":"2025-07-16T19:39:29.775Z"}
{"level":"info","message":"gRPC payment server started on port 5003","timestamp":"2025-07-16T19:42:41.143Z"}
{"level":"error","message":"Amount mismatch with booking price","timestamp":"2025-07-16T19:44:37.740Z"}
{"level":"info","message":"gRPC payment server started on port 5003","timestamp":"2025-07-16T19:49:42.896Z"}
{"level":"info","message":"gRPC payment server started on port 5003","timestamp":"2025-07-16T19:49:54.612Z"}
{"level":"info","message":"gRPC payment server started on port 5003","timestamp":"2025-07-16T20:02:03.594Z"}
{"level":"info","message":"gRPC payment server started on port 5003","timestamp":"2025-07-16T20:02:58.521Z"}
{"level":"error","message":"Payment already in progress","timestamp":"2025-07-16T20:04:35.702Z"}
{"level":"info","message":"gRPC payment server started on port 5003","timestamp":"2025-07-16T20:05:12.565Z"}
{"level":"info","message":"gRPC payment server started on port 5003","timestamp":"2025-07-16T20:09:13.821Z"}
{"level":"error","message":"Payment already in progress","timestamp":"2025-07-16T20:09:22.600Z"}
{"level":"info","message":"gRPC payment server started on port 5003","timestamp":"2025-07-16T20:10:14.355Z"}
{"level":"info","message":"gRPC payment server started on port 5003","timestamp":"2025-07-16T20:14:29.569Z"}
{"level":"info","message":"gRPC payment server started on port 5003","timestamp":"2025-07-16T20:15:01.098Z"}
{"level":"info","message":"gRPC payment server started on port 5003","timestamp":"2025-07-16T20:15:50.780Z"}
{"level":"info","message":"gRPC payment server started on port 5003","timestamp":"2025-07-16T20:25:05.778Z"}
{"level":"info","message":"gRPC payment server started on port 5003","timestamp":"2025-07-16T20:25:25.393Z"}
{"level":"info","message":"gRPC payment server started on port 5003","timestamp":"2025-07-16T20:27:55.912Z"}
{"level":"error","message":"Message timeout","timestamp":"2025-07-16T20:29:17.010Z"}
{"level":"error","message":"Message timeout","timestamp":"2025-07-16T20:33:29.692Z"}
{"level":"info","message":"gRPC payment server started on port 5003","timestamp":"2025-07-16T20:40:06.210Z"}
{"level":"error","message":"Message timeout","timestamp":"2025-07-16T20:41:15.050Z"}
{"level":"info","message":"gRPC payment server started on port 5003","timestamp":"2025-07-16T20:42:08.818Z"}
{"level":"info","message":"gRPC payment server started on port 5003","timestamp":"2025-07-16T20:43:36.422Z"}
{"level":"error","message":"Message timeout","timestamp":"2025-07-16T20:45:10.072Z"}
{"level":"info","message":"gRPC payment server started on port 5003","timestamp":"2025-07-16T21:11:21.818Z"}
{"level":"info","message":"gRPC payment server started on port 5003","timestamp":"2025-07-17T01:58:30.760Z"}
{"level":"info","message":"gRPC payment server started on port 5003","timestamp":"2025-07-17T02:01:03.576Z"}
{"level":"info","message":"gRPC payment server started on port 5003","timestamp":"2025-07-17T02:01:24.458Z"}
{"level":"error","message":"Message timeout","timestamp":"2025-07-17T02:10:06.860Z"}
{"level":"info","message":"gRPC payment server started on port 5003","timestamp":"2025-07-17T02:14:55.776Z"}
{"level":"info","message":"gRPC payment server started on port 5003","timestamp":"2025-07-17T02:17:37.275Z"}
{"level":"info","message":"gRPC payment server started on port 5003","timestamp":"2025-07-17T02:18:53.674Z"}
{"level":"info","message":"gRPC payment server started on port 5003","timestamp":"2025-07-17T02:23:09.043Z"}
{"level":"info","message":"gRPC payment server started on port 5003","timestamp":"2025-07-17T03:19:28.350Z"}
{"level":"info","message":"gRPC payment server started on port 5003","timestamp":"2025-07-17T03:23:27.461Z"}
{"level":"info","message":"gRPC payment server started on port 5003","timestamp":"2025-07-17T03:27:08.457Z"}
{"level":"info","message":"gRPC payment server started on port 5003","timestamp":"2025-07-17T03:27:51.475Z"}
{"level":"info","message":"gRPC payment server started on port 5003","timestamp":"2025-07-17T03:29:00.207Z"}
{"level":"info","message":"gRPC payment server started on port 5003","timestamp":"2025-07-17T03:31:41.142Z"}
{"level":"info","message":"gRPC payment server started on port 5003","timestamp":"2025-07-17T03:33:58.171Z"}
{"level":"info","message":"gRPC payment server started on port 5003","timestamp":"2025-07-17T03:34:29.382Z"}
{"level":"info","message":"gRPC payment server started on port 5003","timestamp":"2025-07-17T03:35:06.037Z"}
{"level":"error","message":"Payment already in progress","timestamp":"2025-07-17T03:35:25.022Z"}
{"level":"info","message":"gRPC payment server started on port 5003","timestamp":"2025-07-17T03:41:54.725Z"}
{"level":"info","message":"gRPC payment server started on port 5003","timestamp":"2025-07-17T03:53:09.261Z"}
{"level":"info","message":"gRPC payment server started on port 5003","timestamp":"2025-07-17T03:54:25.146Z"}
{"level":"error","message":"Payment already in progress","timestamp":"2025-07-17T03:55:14.033Z"}
{"level":"error","message":"Message timeout","timestamp":"2025-07-17T03:56:04.980Z"}
{"level":"info","message":"gRPC payment server started on port 5003","timestamp":"2025-07-17T03:57:21.351Z"}
{"level":"info","message":"gRPC payment server started on port 5003","timestamp":"2025-07-17T03:59:32.910Z"}
{"level":"info","message":"gRPC payment server started on port 5003","timestamp":"2025-07-17T04:00:10.285Z"}
{"level":"error","message":"Payment already in progress","timestamp":"2025-07-17T04:26:15.980Z"}
{"level":"error","message":"Payment already in progress","timestamp":"2025-07-17T05:09:42.254Z"}
{"level":"error","message":"Message timeout","timestamp":"2025-07-17T05:10:35.812Z"}
{"level":"info","message":"gRPC payment server started on port 5003","timestamp":"2025-07-17T05:11:02.306Z"}
{"level":"info","message":"gRPC payment server started on port 5003","timestamp":"2025-07-17T05:22:41.334Z"}
{"level":"info","message":"gRPC payment server started on port 5003","timestamp":"2025-07-17T05:23:53.734Z"}
{"level":"error","message":"Message timeout","timestamp":"2025-07-17T05:26:05.000Z"}
{"level":"info","message":"gRPC payment server started on port 5003","timestamp":"2025-07-17T05:32:56.764Z"}
{"level":"info","message":"gRPC payment server started on port 5003","timestamp":"2025-07-17T06:03:24.192Z"}
{"level":"info","message":"gRPC payment server started on port 5003","timestamp":"2025-07-17T06:05:18.781Z"}
{"level":"info","message":"gRPC payment server started on port 5003","timestamp":"2025-07-17T06:06:47.360Z"}
{"level":"error","message":"Payment already in progress","timestamp":"2025-07-17T06:07:02.803Z"}
{"level":"info","message":"gRPC payment server started on port 5003","timestamp":"2025-07-17T09:05:47.952Z"}
{"level":"info","message":"gRPC payment server started on port 5003","timestamp":"2025-07-17T09:30:54.106Z"}
{"level":"info","message":"gRPC payment server started on port 5003","timestamp":"2025-07-17T09:32:51.925Z"}
{"level":"info","message":"gRPC payment server started on port 5003","timestamp":"2025-07-17T09:35:33.539Z"}
{"level":"info","message":"gRPC payment server started on port 5003","timestamp":"2025-07-17T09:36:55.025Z"}
{"level":"info","message":"gRPC payment server started on port 5003","timestamp":"2025-07-17T09:44:16.953Z"}
{"level":"info","message":"gRPC payment server started on port 5003","timestamp":"2025-07-17T09:45:52.295Z"}
{"level":"info","message":"gRPC payment server started on port 5003","timestamp":"2025-07-17T09:50:03.190Z"}
{"level":"info","message":"gRPC payment server started on port 5003","timestamp":"2025-07-17T09:52:07.552Z"}
{"level":"info","message":"gRPC payment server started on port 5003","timestamp":"2025-07-17T09:53:08.332Z"}
{"level":"info","message":"gRPC payment server started on port 5003","timestamp":"2025-07-17T09:53:28.376Z"}
{"level":"info","message":"gRPC payment server started on port 5003","timestamp":"2025-07-17T10:01:45.677Z"}
{"level":"error","message":"Message timeout","timestamp":"2025-07-17T10:02:51.773Z"}
{"level":"info","message":"gRPC payment server started on port 5003","timestamp":"2025-07-17T10:15:48.964Z"}
{"level":"error","message":"Message timeout","timestamp":"2025-07-17T10:17:43.674Z"}
{"level":"info","message":"gRPC payment server started on port 5003","timestamp":"2025-07-17T10:19:41.818Z"}
{"level":"error","message":"Message timeout","timestamp":"2025-07-17T10:25:16.107Z"}
{"level":"info","message":"gRPC payment server started on port 5003","timestamp":"2025-07-17T10:27:18.711Z"}
{"level":"info","message":"gRPC payment server started on port 5003","timestamp":"2025-07-17T10:31:04.070Z"}
{"level":"info","message":"gRPC payment server started on port 5003","timestamp":"2025-07-17T10:31:14.809Z"}
{"level":"info","message":"gRPC payment server started on port 5003","timestamp":"2025-07-17T10:32:50.792Z"}
{"level":"error","message":"Message timeout","timestamp":"2025-07-17T10:33:56.332Z"}
{"level":"info","message":"gRPC payment server started on port 5003","timestamp":"2025-07-17T10:35:51.136Z"}
{"level":"error","message":"Message timeout","timestamp":"2025-07-17T10:36:59.326Z"}
{"level":"info","message":"gRPC payment server started on port 5003","timestamp":"2025-07-17T10:37:20.808Z"}
{"level":"error","message":"Message timeout","timestamp":"2025-07-17T10:38:08.188Z"}
{"level":"info","message":"gRPC payment server started on port 5003","timestamp":"2025-07-17T11:14:08.255Z"}
{"level":"error","message":"Message timeout","timestamp":"2025-07-17T11:15:20.676Z"}
{"level":"info","message":"gRPC payment server started on port 5003","timestamp":"2025-07-17T11:17:53.263Z"}
{"level":"error","message":"Message timeout","timestamp":"2025-07-17T11:24:47.928Z"}
{"level":"error","message":"Message timeout","timestamp":"2025-07-17T11:43:54.019Z"}
{"level":"error","message":"Message timeout","timestamp":"2025-07-17T12:18:49.183Z"}
{"level":"info","message":"gRPC payment server started on port 5003","timestamp":"2025-07-17T12:32:35.085Z"}
{"level":"info","message":"gRPC payment server started on port 5003","timestamp":"2025-07-17T12:32:45.285Z"}
{"level":"info","message":"gRPC payment server started on port 5003","timestamp":"2025-07-17T12:35:21.962Z"}
{"level":"info","message":"gRPC payment server started on port 5003","timestamp":"2025-07-17T12:36:10.635Z"}
{"level":"error","message":"Message timeout","timestamp":"2025-07-17T12:36:53.327Z"}
{"level":"error","message":"Message timeout","timestamp":"2025-07-17T12:40:52.215Z"}
{"level":"error","message":"Channel closed","timestamp":"2025-07-17T13:40:04.981Z"}
{"level":"info","message":"gRPC payment server started on port 5003","timestamp":"2025-07-17T13:45:05.481Z"}
{"level":"info","message":"gRPC payment server started on port 5003","timestamp":"2025-07-17T13:46:50.042Z"}
{"level":"info","message":"gRPC payment server started on port 5003","timestamp":"2025-09-25T18:27:45.389Z"}
{"level":"info","message":"gRPC payment server started on port 5003","timestamp":"2025-09-25T18:29:16.030Z"}
{"level":"info","message":"gRPC payment server started on port 5003","timestamp":"2025-09-25T19:35:55.230Z"}
{"level":"info","message":"gRPC payment server started on port 5003","timestamp":"2025-09-25T19:51:47.767Z"}
{"level":"info","message":"gRPC payment server started on port 5003","timestamp":"2025-09-25T19:55:44.407Z"}
{"level":"info","message":"gRPC payment server started on port 5003","timestamp":"2025-09-25T19:55:55.133Z"}
{"level":"info","message":"gRPC payment server started on port 5003","timestamp":"2025-09-25T20:00:33.345Z"}
{"level":"info","message":"gRPC payment server started on port 5003","timestamp":"2025-09-25T20:09:24.658Z"}
{"level":"info","message":"gRPC payment server started on port 5003","timestamp":"2025-09-25T20:20:11.983Z"}
{"level":"info","message":"gRPC payment server started on port 5003","timestamp":"2025-09-25T20:38:28.683Z"}
{"level":"info","message":"gRPC payment server started on port 5003","timestamp":"2025-09-25T20:45:36.020Z"}
{"level":"info","message":"gRPC payment server started on port 5003","timestamp":"2025-09-25T20:51:41.939Z"}
{"level":"info","message":"gRPC payment server started on port 5003","timestamp":"2025-09-25T20:51:55.683Z"}
{"level":"info","message":"gRPC payment server started on port 5003","timestamp":"2025-09-25T20:54:19.126Z"}
{"level":"info","message":"gRPC payment server started on port 5003","timestamp":"2025-09-25T21:00:19.848Z"}
{"level":"info","message":"gRPC payment server started on port 5003","timestamp":"2025-09-25T21:01:44.172Z"}
{"level":"info","message":"gRPC payment server started on port 5003","timestamp":"2025-09-25T21:19:09.303Z"}
{"level":"info","message":"gRPC payment server started on port 5003","timestamp":"2025-09-25T21:21:24.893Z"}
{"level":"info","message":"gRPC payment server started on port 5003","timestamp":"2025-09-25T21:35:02.881Z"}
{"level":"info","message":"gRPC payment server started on port 5003","timestamp":"2025-09-25T21:36:39.150Z"}
{"level":"info","message":"gRPC payment server started on port 5003","timestamp":"2025-09-25T21:39:46.061Z"}
{"level":"info","message":"gRPC payment server started on port 5003","timestamp":"2025-09-25T21:40:54.323Z"}
{"level":"info","message":"gRPC payment server started on port 5003","timestamp":"2025-09-25T21:49:13.082Z"}
{"level":"info","message":"gRPC payment server started on port 5003","timestamp":"2025-09-25T21:57:52.807Z"}
{"level":"info","message":"gRPC payment server started on port 5003","timestamp":"2025-09-25T21:58:48.999Z"}
{"level":"info","message":"gRPC payment server started on port 5003","timestamp":"2025-09-25T22:01:02.961Z"}
{"level":"info","message":"gRPC payment server started on port 5003","timestamp":"2025-09-25T22:27:04.553Z"}
{"level":"info","message":"gRPC payment server started on port 5003","timestamp":"2025-09-25T22:29:19.725Z"}
{"level":"info","message":"gRPC payment server started on port 5003","timestamp":"2025-09-25T22:41:29.684Z"}
{"level":"info","message":"gRPC payment server started on port 5003","timestamp":"2025-09-25T22:44:57.388Z"}
{"level":"info","message":"gRPC payment server started on port 5003","timestamp":"2025-09-25T22:49:42.663Z"}
{"level":"info","message":"gRPC payment server started on port 5003","timestamp":"2025-09-26T03:13:35.481Z"}
{"level":"info","message":"gRPC payment server started on port 5003","timestamp":"2025-09-26T03:37:01.303Z"}
{"level":"info","message":"gRPC payment server started on port 5003","timestamp":"2025-09-26T03:44:35.441Z"}
{"level":"info","message":"gRPC payment server started on port 5003","timestamp":"2025-09-26T04:57:16.328Z"}
{"level":"info","message":"gRPC payment server started on port 5003","timestamp":"2025-09-26T04:58:52.280Z"}
{"level":"info","message":"gRPC payment server started on port 5003","timestamp":"2025-09-26T05:53:41.546Z"}
{"level":"info","message":"gRPC payment server started on port 5003","timestamp":"2025-09-26T05:54:26.442Z"}
{"level":"info","message":"gRPC payment server started on port 5003","timestamp":"2025-09-26T05:58:44.540Z"}
{"level":"info","message":"gRPC payment server started on port 5003","timestamp":"2025-09-26T07:41:47.026Z"}
{"level":"info","message":"gRPC payment server started on port 5003","timestamp":"2025-09-26T07:42:06.091Z"}
{"level":"info","message":"gRPC payment server started on port 5003","timestamp":"2025-10-02T05:21:56.901Z"}
{"level":"info","message":"gRPC payment server started on port 5003","timestamp":"2025-10-02T05:56:40.399Z"}
{"level":"info","message":"gRPC payment server started on port 5003","timestamp":"2025-10-02T05:57:53.632Z"}
{"level":"info","message":"gRPC payment server started on port 5003","timestamp":"2025-10-06T19:30:37.756Z"}
{"level":"info","message":"gRPC payment server started on port 5003","timestamp":"2025-10-06T19:38:09.990Z"}
{"level":"info","message":"gRPC payment server started on port 5003","timestamp":"2025-10-06T19:39:47.593Z"}
{"level":"info","message":"gRPC payment server started on port 5003","timestamp":"2025-10-06T19:44:56.573Z"}
{"level":"info","message":"gRPC payment server started on port 5003","timestamp":"2025-10-06T19:48:15.578Z"}
{"level":"info","message":"gRPC payment server started on port 5003","timestamp":"2025-10-06T20:16:00.391Z"}
{"level":"info","message":"gRPC payment server started on port 5003","timestamp":"2025-10-07T13:25:14.594Z"}
{"level":"info","message":"gRPC payment server started on port 5003","timestamp":"2025-10-07T15:05:15.723Z"}
{"level":"info","message":"gRPC payment server started on port 5003","timestamp":"2025-10-07T15:07:33.616Z"}
{"level":"info","message":"gRPC payment server started on port 5003","timestamp":"2025-10-07T16:53:41.474Z"}
{"level":"info","message":"gRPC payment server started on port 5003","timestamp":"2025-10-07T17:46:40.169Z"}
{"level":"info","message":"gRPC payment server started on port 5003","timestamp":"2025-10-07T17:49:25.939Z"}
{"level":"info","message":"gRPC payment server started on port 5003","timestamp":"2025-10-07T17:49:35.073Z"}
{"level":"info","message":"gRPC payment server started on port 5003","timestamp":"2025-10-07T18:04:23.518Z"}
{"level":"info","message":"gRPC payment server started on port 5003","timestamp":"2025-10-07T18:05:21.463Z"}
{"level":"info","message":"gRPC payment server started on port 5003","timestamp":"2025-10-07T18:05:52.635Z"}
{"level":"info","message":"gRPC payment server started on port 5003","timestamp":"2025-10-07T18:06:15.906Z"}
{"level":"info","message":"gRPC payment server started on port 5003","timestamp":"2025-10-07T18:06:46.175Z"}
{"level":"info","message":"gRPC payment server started on port 5003","timestamp":"2025-10-07T18:07:19.559Z"}
{"level":"info","message":"gRPC payment server started on port 5003","timestamp":"2025-10-07T18:07:42.018Z"}
{"level":"info","message":"gRPC payment server started on port 5003","timestamp":"2025-10-07T18:13:15.907Z"}
{"level":"info","message":"gRPC payment server started on port 5003","timestamp":"2025-10-07T18:18:14.250Z"}
{"level":"info","message":"gRPC payment server started on port 5003","timestamp":"2025-10-07T18:19:42.996Z"}
{"level":"info","message":"gRPC payment server started on port 5003","timestamp":"2025-10-07T18:23:46.304Z"}
{"level":"info","message":"gRPC payment server started on port 5003","timestamp":"2025-10-07T18:27:35.490Z"}
{"level":"info","message":"gRPC payment server started on port 5003","timestamp":"2025-10-07T18:31:29.845Z"}
{"level":"info","message":"gRPC payment server started on port 5003","timestamp":"2025-10-07T18:49:01.871Z"}
{"level":"info","message":"gRPC payment server started on port 5003","timestamp":"2025-10-07T19:10:05.355Z"}
{"level":"info","message":"gRPC payment server started on port 5003","timestamp":"2025-10-07T19:12:00.588Z"}
{"level":"info","message":"gRPC payment server started on port 5003","timestamp":"2025-10-07T19:14:24.857Z"}
{"level":"info","message":"gRPC payment server started on port 5003","timestamp":"2025-10-07T19:38:52.222Z"}
{"level":"info","message":"gRPC payment server started on port 5003","timestamp":"2025-10-08T11:47:12.310Z"}
{"level":"info","message":"gRPC payment server started on port 5003","timestamp":"2025-10-08T11:52:49.611Z"}
{"level":"info","message":"gRPC payment server started on port 5003","timestamp":"2025-10-08T12:01:27.518Z"}
{"level":"info","message":"gRPC payment server started on port 5003","timestamp":"2025-10-08T12:02:50.078Z"}
{"level":"info","message":"gRPC payment server started on port 5003","timestamp":"2025-10-08T12:04:11.960Z"}
{"level":"info","message":"gRPC payment server started on port 5003","timestamp":"2025-10-08T12:15:17.108Z"}
{"level":"info","message":"gRPC payment server started on port 5003","timestamp":"2025-10-08T12:47:19.911Z"}
{"level":"info","message":"gRPC payment server started on port 5003","timestamp":"2025-10-09T12:05:18.529Z"}
{"level":"info","message":"gRPC payment server started on port 5003","timestamp":"2025-10-15T13:24:59.897Z"}
{"level":"error","message":"Operation `transactions.findOneAndUpdate()` buffering timed out after 10000ms","timestamp":"2025-10-15T13:43:13.443Z"}
{"level":"error","message":"Operation `transactions.findOneAndUpdate()` buffering timed out after 10000ms","timestamp":"2025-10-15T13:43:17.260Z"}
{"level":"info","message":"gRPC payment server started on port 5003","timestamp":"2025-10-15T15:33:06.497Z"}
